{"/Users/tolanibenson/Repos/hoppa-rn-tech-test/hoppa-weather/src/Api/api.ts": {"path":"/Users/tolanibenson/Repos/hoppa-rn-tech-test/hoppa-weather/src/Api/api.ts","statementMap":{"0":{"start":{"line":5,"column":17},"end":{"line":5,"column":49}},"1":{"start":{"line":7,"column":27},"end":{"line":11,"column":1}},"2":{"start":{"line":8,"column":21},"end":{"line":8,"column":103}},"3":{"start":{"line":10,"column":4},"end":{"line":10,"column":19}}},"fnMap":{"0":{"name":"(anonymous_0)","decl":{"start":{"line":7,"column":27},"end":{"line":7,"column":28}},"loc":{"start":{"line":7,"column":81},"end":{"line":11,"column":1}},"line":7}},"branchMap":{},"s":{"0":1,"1":1,"2":0,"3":0},"f":{"0":0},"b":{},"_coverageSchema":"1a1c01bbd47fc00a2c39e90264f33305004495a9","hash":"c48a18abe7523029e6bcab923d5f9964bc5c1b7d"}
,"/Users/tolanibenson/Repos/hoppa-rn-tech-test/hoppa-weather/src/Components/ListScreen.tsx": {"path":"/Users/tolanibenson/Repos/hoppa-rn-tech-test/hoppa-weather/src/Components/ListScreen.tsx","statementMap":{"0":{"start":{"line":7,"column":26},"end":{"line":74,"column":1}},"1":{"start":{"line":8,"column":23},"end":{"line":8,"column":38}},"2":{"start":{"line":9,"column":32},"end":{"line":9,"column":45}},"3":{"start":{"line":11,"column":23},"end":{"line":49,"column":5}},"4":{"start":{"line":12,"column":74},"end":{"line":12,"column":88}},"5":{"start":{"line":13,"column":21},"end":{"line":13,"column":46}},"6":{"start":{"line":15,"column":31},"end":{"line":22,"column":10}},"7":{"start":{"line":15,"column":37},"end":{"line":22,"column":10}},"8":{"start":{"line":24,"column":8},"end":{"line":48,"column":32}},"9":{"start":{"line":51,"column":22},"end":{"line":51,"column":106}},"10":{"start":{"line":51,"column":28},"end":{"line":51,"column":106}},"11":{"start":{"line":53,"column":4},"end":{"line":67,"column":5}},"12":{"start":{"line":60,"column":46},"end":{"line":60,"column":55}}},"fnMap":{"0":{"name":"(anonymous_0)","decl":{"start":{"line":7,"column":26},"end":{"line":7,"column":27}},"loc":{"start":{"line":7,"column":32},"end":{"line":74,"column":1}},"line":7},"1":{"name":"(anonymous_1)","decl":{"start":{"line":11,"column":23},"end":{"line":11,"column":24}},"loc":{"start":{"line":11,"column":67},"end":{"line":49,"column":5}},"line":11},"2":{"name":"(anonymous_2)","decl":{"start":{"line":15,"column":31},"end":{"line":15,"column":32}},"loc":{"start":{"line":15,"column":37},"end":{"line":22,"column":10}},"line":15},"3":{"name":"(anonymous_3)","decl":{"start":{"line":51,"column":22},"end":{"line":51,"column":23}},"loc":{"start":{"line":51,"column":28},"end":{"line":51,"column":106}},"line":51},"4":{"name":"(anonymous_4)","decl":{"start":{"line":60,"column":38},"end":{"line":60,"column":39}},"loc":{"start":{"line":60,"column":46},"end":{"line":60,"column":55}},"line":60}},"branchMap":{"0":{"loc":{"start":{"line":54,"column":17},"end":{"line":63,"column":23}},"type":"cond-expr","locations":[{"start":{"line":55,"column":20},"end":{"line":55,"column":90}},{"start":{"line":57,"column":21},"end":{"line":63,"column":22}}],"line":54}},"s":{"0":1,"1":4,"2":4,"3":4,"4":9,"5":9,"6":9,"7":1,"8":9,"9":4,"10":6,"11":4,"12":9},"f":{"0":4,"1":9,"2":1,"3":6,"4":9},"b":{"0":[1,3]},"_coverageSchema":"1a1c01bbd47fc00a2c39e90264f33305004495a9","hash":"04ec802c14f44cc7cacf9a1e78e9b0115d9e7b93"}
,"/Users/tolanibenson/Repos/hoppa-rn-tech-test/hoppa-weather/src/hooks/useForecast.ts": {"path":"/Users/tolanibenson/Repos/hoppa-rn-tech-test/hoppa-weather/src/hooks/useForecast.ts","statementMap":{"0":{"start":{"line":5,"column":27},"end":{"line":24,"column":1}},"1":{"start":{"line":6,"column":36},"end":{"line":6,"column":58}},"2":{"start":{"line":7,"column":30},"end":{"line":7,"column":54}},"3":{"start":{"line":10,"column":4},"end":{"line":18,"column":10}},"4":{"start":{"line":11,"column":32},"end":{"line":15,"column":9}},"5":{"start":{"line":12,"column":12},"end":{"line":14,"column":41}},"6":{"start":{"line":13,"column":25},"end":{"line":13,"column":67}},"7":{"start":{"line":14,"column":26},"end":{"line":14,"column":40}},"8":{"start":{"line":17,"column":8},"end":{"line":17,"column":25}},"9":{"start":{"line":20,"column":4},"end":{"line":23,"column":5}}},"fnMap":{"0":{"name":"(anonymous_0)","decl":{"start":{"line":5,"column":27},"end":{"line":5,"column":28}},"loc":{"start":{"line":5,"column":33},"end":{"line":24,"column":1}},"line":5},"1":{"name":"(anonymous_1)","decl":{"start":{"line":10,"column":14},"end":{"line":10,"column":15}},"loc":{"start":{"line":10,"column":20},"end":{"line":18,"column":5}},"line":10},"2":{"name":"(anonymous_2)","decl":{"start":{"line":11,"column":32},"end":{"line":11,"column":33}},"loc":{"start":{"line":11,"column":44},"end":{"line":15,"column":9}},"line":11},"3":{"name":"(anonymous_3)","decl":{"start":{"line":13,"column":18},"end":{"line":13,"column":19}},"loc":{"start":{"line":13,"column":25},"end":{"line":13,"column":67}},"line":13},"4":{"name":"(anonymous_4)","decl":{"start":{"line":14,"column":19},"end":{"line":14,"column":20}},"loc":{"start":{"line":14,"column":26},"end":{"line":14,"column":40}},"line":14}},"branchMap":{},"s":{"0":1,"1":4,"2":4,"3":4,"4":2,"5":2,"6":1,"7":1,"8":2,"9":4},"f":{"0":4,"1":2,"2":2,"3":1,"4":1},"b":{},"_coverageSchema":"1a1c01bbd47fc00a2c39e90264f33305004495a9","hash":"152c4511edbd8e3126d46f820b9ecc0d368c96e9"}
}
