{"/Users/tolanibenson/Repos/hoppa-rn-tech-test/hoppa-weather/src/Api/api.ts": {"path":"/Users/tolanibenson/Repos/hoppa-rn-tech-test/hoppa-weather/src/Api/api.ts","statementMap":{"0":{"start":{"line":5,"column":17},"end":{"line":5,"column":49}},"1":{"start":{"line":7,"column":27},"end":{"line":11,"column":1}},"2":{"start":{"line":8,"column":21},"end":{"line":8,"column":103}},"3":{"start":{"line":10,"column":4},"end":{"line":10,"column":19}}},"fnMap":{"0":{"name":"(anonymous_0)","decl":{"start":{"line":7,"column":27},"end":{"line":7,"column":28}},"loc":{"start":{"line":7,"column":81},"end":{"line":11,"column":1}},"line":7}},"branchMap":{},"s":{"0":1,"1":1,"2":1,"3":1},"f":{"0":1},"b":{},"_coverageSchema":"1a1c01bbd47fc00a2c39e90264f33305004495a9","hash":"c48a18abe7523029e6bcab923d5f9964bc5c1b7d"}
}
