TN:
SF:src/Api/api.ts
FN:7,(anonymous_0)
FNF:1
FNH:0
FNDA:0,(anonymous_0)
DA:5,1
DA:7,1
DA:8,0
DA:10,0
LF:4
LH:2
BRF:0
BRH:0
end_of_record
TN:
SF:src/Components/ListScreen.tsx
FN:7,(anonymous_0)
FN:11,(anonymous_1)
FN:15,(anonymous_2)
FN:51,(anonymous_3)
FN:60,(anonymous_4)
FNF:5
FNH:5
FNDA:4,(anonymous_0)
FNDA:9,(anonymous_1)
FNDA:1,(anonymous_2)
FNDA:6,(anonymous_3)
FNDA:9,(anonymous_4)
DA:7,1
DA:8,4
DA:9,4
DA:11,4
DA:12,9
DA:13,9
DA:15,9
DA:24,9
DA:51,6
DA:53,4
DA:60,9
LF:11
LH:11
BRDA:54,0,0,1
BRDA:54,0,1,3
BRF:2
BRH:2
end_of_record
TN:
SF:src/hooks/useForecast.ts
FN:5,(anonymous_0)
FN:10,(anonymous_1)
FN:11,(anonymous_2)
FN:13,(anonymous_3)
FN:14,(anonymous_4)
FNF:5
FNH:5
FNDA:4,(anonymous_0)
FNDA:2,(anonymous_1)
FNDA:2,(anonymous_2)
FNDA:1,(anonymous_3)
FNDA:1,(anonymous_4)
DA:5,1
DA:6,4
DA:7,4
DA:10,4
DA:11,2
DA:12,2
DA:13,1
DA:14,1
DA:17,2
DA:20,4
LF:10
LH:10
BRF:0
BRH:0
end_of_record
